  Assembling 1.asm...
1.asm(32): error A2013: .MODEL must precede this directive
1.asm(34): error A2034: must be in segment block
1.asm(35): error A2034: must be in segment block
1.asm(36): error A2034: must be in segment block
1.asm(37): error A2034: must be in segment block
1.asm(38): error A2034: must be in segment block
1.asm(39): error A2034: must be in segment block
1.asm(41): error A2034: must be in segment block
1.asm(42): error A2034: must be in segment block
1.asm(43): error A2034: must be in segment block
1.asm(44): error A2034: must be in segment block
1.asm(47): error A2034: must be in segment block
1.asm(48): error A2034: must be in segment block
1.asm(49): error A2034: must be in segment block
1.asm(52): error A2034: must be in segment block
1.asm(53): error A2034: must be in segment block
1.asm(54): error A2034: must be in segment block
1.asm(56): error A2013: .MODEL must precede this directive
1.asm(57): error A2034: must be in segment block : Start
1.asm(58): error A2034: must be in segment block
1.asm(59): error A2034: must be in segment block
1.asm(62): error A2034: must be in segment block
1.asm(63): error A2034: must be in segment block
1.asm(64): error A2034: must be in segment block
1.asm(66): error A2034: must be in segment block
1.asm(67): error A2034: must be in segment block
1.asm(68): error A2034: must be in segment block
1.asm(71): error A2034: must be in segment block
1.asm(72): error A2034: must be in segment block
1.asm(73): error A2034: must be in segment block
1.asm(76): error A2034: must be in segment block
1.asm(77): error A2034: must be in segment block
1.asm(78): error A2034: must be in segment block
1.asm(79): error A2034: must be in segment block
1.asm(80): error A2034: must be in segment block
1.asm(81): error A2034: must be in segment block
1.asm(82): error A2034: must be in segment block
1.asm(85): error A2034: must be in segment block
1.asm(86): error A2034: must be in segment block
1.asm(87): error A2034: must be in segment block
1.asm(90): error A2034: must be in segment block
1.asm(91): error A2034: must be in segment block
1.asm(92): error A2034: must be in segment block
1.asm(93): error A2034: must be in segment block
1.asm(94): error A2034: must be in segment block
1.asm(95): error A2034: must be in segment block
1.asm(96): error A2034: must be in segment block
1.asm(97): error A2034: must be in segment block
1.asm(100): error A2034: must be in segment block
1.asm(101): error A2034: must be in segment block
1.asm(102): error A2034: must be in segment block
1.asm(103): error A2034: must be in segment block
1.asm(105): error A2034: must be in segment block
1.asm(106): error A2034: must be in segment block
1.asm(108): error A2034: must be in segment block
1.asm(110): error A2034: must be in segment block
1.asm(111): error A2034: must be in segment block
1.asm(112): error A2034: must be in segment block
1.asm(115): error A2034: must be in segment block
1.asm(116): error A2034: must be in segment block
1.asm(119): error A2034: must be in segment block
1.asm(120): error A2034: must be in segment block
1.asm(121): error A2034: must be in segment block
1.asm(124): error A2034: must be in segment block
1.asm(125): error A2034: must be in segment block
1.asm(126): error A2034: must be in segment block
1.asm(129): error A2034: must be in segment block
1.asm(130): error A2034: must be in segment block
1.asm(133): error A2034: must be in segment block
1.asm(134): error A2034: must be in segment block
1.asm(135): error A2034: must be in segment block
1.asm(138): error A2034: must be in segment block
1.asm(140): error A2034: must be in segment block
1.asm(142): error A2034: must be in segment block
1.asm(143): error A2034: must be in segment block
1.asm(144): error A2034: must be in segment block
1.asm(145): error A2034: must be in segment block
1.asm(146): error A2034: must be in segment block
1.asm(148): error A2034: must be in segment block
1.asm(149): error A2034: must be in segment block
1.asm(150): error A2034: must be in segment block
1.asm(151): error A2034: must be in segment block
1.asm(152): error A2034: must be in segment block
1.asm(154): error A2034: must be in segment block
1.asm(155): error A2034: must be in segment block
1.asm(156): error A2034: must be in segment block
1.asm(157): error A2034: must be in segment block
1.asm(158): error A2034: must be in segment block
1.asm(160): error A2034: must be in segment block
1.asm(161): error A2034: must be in segment block
1.asm(162): error A2034: must be in segment block
1.asm(164): fatal error A1010: unmatched block nesting : Start
C:\Program Files\Microsoft Visual Studio\2022\Community\MSBuild\Microsoft\VC\v170\BuildCustomizations\masm.targets(70,5): error MSB3721: выход из команды "ml.exe /c /nologo /Zi /Fo"8_lab\Debug\1.obj" /W3 /errorReport:prompt  /Ta1.asm" с кодом "1".
